#
# There is insufficient memory for the Java Runtime Environment to continue.
# Native memory allocation (malloc) failed to allocate 2729568 bytes for Chunk::new
# Possible reasons:
#   The system is out of physical RAM or swap space
#   In 32 bit mode, the process size limit was hit
# Possible solutions:
#   Reduce memory load on the system
#   Increase physical memory or swap space
#   Check if swap backing store is full
#   Use 64 bit Java on a 64 bit OS
#   Decrease Java heap size (-Xmx/-Xms)
#   Decrease number of Java threads
#   Decrease Java thread stack sizes (-Xss)
#   Set larger code cache with -XX:ReservedCodeCacheSize=
# This output file may be truncated or incomplete.
#
#  Out of Memory Error (allocation.cpp:390), pid=8288, tid=0x00000000000043b8
#
# JRE version: Java(TM) SE Runtime Environment (8.0_111-b14) (build 1.8.0_111-b14)
# Java VM: Java HotSpot(TM) 64-Bit Server VM (25.111-b14 mixed mode windows-amd64 compressed oops)
# Failed to write core dump. Minidumps are not enabled by default on client versions of Windows
#

---------------  T H R E A D  ---------------

Current thread (0x000000001b03d000):  JavaThread "C2 CompilerThread0" daemon [_thread_in_native, id=17336, stack(0x000000001b900000,0x000000001ba00000)]

Stack: [0x000000001b900000,0x000000001ba00000]
[error occurred during error reporting (printing stack bounds), id 0xc0000005]

Native frames: (J=compiled Java code, j=interpreted, Vv=VM code, C=native code)


Current CompileTask:
C2:   9760 2408       4       java.net.URLClassLoader$1::run (5 bytes)


---------------  P R O C E S S  ---------------

Java Threads: ( => current thread )
  0x000000001b032800 JavaThread "Service Thread" daemon [_thread_blocked, id=1008, stack(0x000000001bc00000,0x000000001bd00000)]
  0x000000001b08d000 JavaThread "C1 CompilerThread2" daemon [_thread_blocked, id=9336, stack(0x000000001bb00000,0x000000001bc00000)]
  0x000000001b037000 JavaThread "C2 CompilerThread1" daemon [_thread_in_native, id=6188, stack(0x000000001ba00000,0x000000001bb00000)]
=>0x000000001b03d000 JavaThread "C2 CompilerThread0" daemon [_thread_in_native, id=17336, stack(0x000000001b900000,0x000000001ba00000)]
  0x000000001b022800 JavaThread "JDWP Command Reader" daemon [_thread_in_native, id=5812, stack(0x000000001b800000,0x000000001b900000)]
  0x000000001b01f000 JavaThread "JDWP Event Helper Thread" daemon [_thread_blocked, id=15896, stack(0x000000001b700000,0x000000001b800000)]
  0x0000000019ced000 JavaThread "JDWP Transport Listener: dt_socket" daemon [_thread_blocked, id=16476, stack(0x000000001b600000,0x000000001b700000)]
  0x0000000019ca1000 JavaThread "Attach Listener" daemon [_thread_blocked, id=16664, stack(0x000000001b500000,0x000000001b600000)]
  0x000000001b010800 JavaThread "Signal Dispatcher" daemon [_thread_blocked, id=17792, stack(0x000000001b400000,0x000000001b500000)]
  0x0000000019c79800 JavaThread "Finalizer" daemon [_thread_blocked, id=17844, stack(0x000000001af00000,0x000000001b000000)]
  0x0000000005155000 JavaThread "Reference Handler" daemon [_thread_blocked, id=15536, stack(0x000000001ae00000,0x000000001af00000)]
  0x0000000005065000 JavaThread "main" [_thread_in_native, id=1308, stack(0x0000000004ea0000,0x0000000004fa0000)]

Other Threads:
  0x0000000019c57800 VMThread [stack: 0x000000001ad00000,0x000000001ae00000] [id=15512]
  0x000000001b0fb000 WatcherThread [stack: 0x000000001bd00000,0x000000001be00000] [id=16892]

VM state:not at safepoint (normal execution)

VM Mutex/Monitor currently owned by a thread: None

Heap:
 PSYoungGen      total 61952K, used 44680K [0x00000000d5f00000, 0x00000000da600000, 0x0000000100000000)
  eden space 54272K, 74% used [0x00000000d5f00000,0x00000000d8655508,0x00000000d9400000)
  from space 7680K, 57% used [0x00000000d9e80000,0x00000000da2ccde0,0x00000000da600000)
  to   space 9216K, 0% used [0x00000000d9400000,0x00000000d9400000,0x00000000d9d00000)
 ParOldGen       total 55296K, used 7824K [0x0000000081c00000, 0x0000000085200000, 0x00000000d5f00000)
  object space 55296K, 14% used [0x0000000081c00000,0x00000000823a4108,0x0000000085200000)
 Metaspace       used 27999K, capacity 28814K, committed 28928K, reserved 1075200K
  class space    used 3613K, capacity 3805K, committed 3840K, reserved 1048576K

Card table byte_map: [0x0000000014520000,0x0000000014920000] byte_map_base: 0x0000000014112000

Marking Bits: (ParMarkBitMap*) 0x000000006d0aa6c0
 Begin Bits: [0x0000000014fd0000, 0x0000000016f60000)
 End Bits:   [0x0000000016f60000, 0x0000000018ef0000)

Polling page: 0x00000000009f0000

CodeCache: size=245760Kb used=8941Kb max_used=9373Kb free=236818Kb
 bounds [0x0000000005160000, 0x0000000005a90000, 0x0000000014160000]
 total_blobs=2739 nmethods=2344 adapters=315
 compilation: enabled

Compilation events (10 events):
Event: 9.668 Thread 0x000000001b08d000 nmethod 2467 0x0000000005a6fe90 code [0x0000000005a70020, 0x0000000005a70598]
Event: 9.668 Thread 0x000000001b08d000 2468       3       org.springframework.core.SerializableTypeWrapper$$Lambda$20/899543194::get$Lambda (10 bytes)
Event: 9.668 Thread 0x000000001b08d000 nmethod 2468 0x0000000005a706d0 code [0x0000000005a70840, 0x0000000005a70a90]
Event: 9.668 Thread 0x000000001b08d000 2469       3       org.springframework.core.SerializableTypeWrapper$$Lambda$20/899543194::<init> (15 bytes)
Event: 9.668 Thread 0x000000001b08d000 nmethod 2469 0x0000000005a70b90 code [0x0000000005a70ce0, 0x0000000005a70eb0]
Event: 9.672 Thread 0x000000001b037000 nmethod 2253 0x0000000005a70f50 code [0x0000000005a719a0, 0x0000000005a7e338]
Event: 9.673 Thread 0x000000001b037000 2413       4       org.springframework.util.ReflectionUtils::lambda$getUniqueDeclaredMethods$0 (137 bytes)
Event: 9.675 Thread 0x000000001b08d000 2470       3       java.util.AbstractCollection::toArray (70 bytes)
Event: 9.676 Thread 0x000000001b08d000 nmethod 2470 0x00000000052827d0 code [0x00000000052829c0, 0x0000000005283368]
Event: 9.684 Thread 0x000000001b08d000 2471       3       java.lang.Class$1::run (5 bytes)

GC Heap History (10 events):
Event: 5.810 GC heap before
{Heap before GC invocations=3 (full 0):
 PSYoungGen      total 38400K, used 38377K [0x00000000d5f00000, 0x00000000daa00000, 0x0000000100000000)
  eden space 33280K, 100% used [0x00000000d5f00000,0x00000000d7f80000,0x00000000d7f80000)
  from space 5120K, 99% used [0x00000000d8480000,0x00000000d897a408,0x00000000d8980000)
  to   space 5120K, 0% used [0x00000000d7f80000,0x00000000d7f80000,0x00000000d8480000)
 ParOldGen       total 87552K, used 814K [0x0000000081c00000, 0x0000000087180000, 0x00000000d5f00000)
  object space 87552K, 0% used [0x0000000081c00000,0x0000000081ccba70,0x0000000087180000)
 Metaspace       used 17013K, capacity 17556K, committed 17792K, reserved 1064960K
  class space    used 2226K, capacity 2356K, committed 2432K, reserved 1048576K
Event: 5.820 GC heap after
Heap after GC invocations=3 (full 0):
 PSYoungGen      total 38400K, used 5115K [0x00000000d5f00000, 0x00000000d8980000, 0x0000000100000000)
  eden space 33280K, 0% used [0x00000000d5f00000,0x00000000d5f00000,0x00000000d7f80000)
  from space 5120K, 99% used [0x00000000d7f80000,0x00000000d847ecc0,0x00000000d8480000)
  to   space 5120K, 0% used [0x00000000d8480000,0x00000000d8480000,0x00000000d8980000)
 ParOldGen       total 87552K, used 2302K [0x0000000081c00000, 0x0000000087180000, 0x00000000d5f00000)
  object space 87552K, 2% used [0x0000000081c00000,0x0000000081e3f9a0,0x0000000087180000)
 Metaspace       used 17013K, capacity 17556K, committed 17792K, reserved 1064960K
  class space    used 2226K, capacity 2356K, committed 2432K, reserved 1048576K
}
Event: 6.730 GC heap before
{Heap before GC invocations=4 (full 0):
 PSYoungGen      total 38400K, used 31804K [0x00000000d5f00000, 0x00000000d8980000, 0x0000000100000000)
  eden space 33280K, 80% used [0x00000000d5f00000,0x00000000d7910730,0x00000000d7f80000)
  from space 5120K, 99% used [0x00000000d7f80000,0x00000000d847ecc0,0x00000000d8480000)
  to   space 5120K, 0% used [0x00000000d8480000,0x00000000d8480000,0x00000000d8980000)
 ParOldGen       total 87552K, used 2302K [0x0000000081c00000, 0x0000000087180000, 0x00000000d5f00000)
  object space 87552K, 2% used [0x0000000081c00000,0x0000000081e3f9a0,0x0000000087180000)
 Metaspace       used 20600K, capacity 21170K, committed 21248K, reserved 1067008K
  class space    used 2647K, capacity 2807K, committed 2816K, reserved 1048576K
Event: 6.826 GC heap after
Heap after GC invocations=4 (full 0):
 PSYoungGen      total 38400K, used 5090K [0x00000000d5f00000, 0x00000000daa00000, 0x0000000100000000)
  eden space 33280K, 0% used [0x00000000d5f00000,0x00000000d5f00000,0x00000000d7f80000)
  from space 5120K, 99% used [0x00000000d8480000,0x00000000d89789a0,0x00000000d8980000)
  to   space 5120K, 0% used [0x00000000d7f80000,0x00000000d7f80000,0x00000000d8480000)
 ParOldGen       total 87552K, used 5099K [0x0000000081c00000, 0x0000000087180000, 0x00000000d5f00000)
  object space 87552K, 5% used [0x0000000081c00000,0x00000000820fad90,0x0000000087180000)
 Metaspace       used 20600K, capacity 21170K, committed 21248K, reserved 1067008K
  class space    used 2647K, capacity 2807K, committed 2816K, reserved 1048576K
}
Event: 6.826 GC heap before
{Heap before GC invocations=5 (full 1):
 PSYoungGen      total 38400K, used 5090K [0x00000000d5f00000, 0x00000000daa00000, 0x0000000100000000)
  eden space 33280K, 0% used [0x00000000d5f00000,0x00000000d5f00000,0x00000000d7f80000)
  from space 5120K, 99% used [0x00000000d8480000,0x00000000d89789a0,0x00000000d8980000)
  to   space 5120K, 0% used [0x00000000d7f80000,0x00000000d7f80000,0x00000000d8480000)
 ParOldGen       total 87552K, used 5099K [0x0000000081c00000, 0x0000000087180000, 0x00000000d5f00000)
  object space 87552K, 5% used [0x0000000081c00000,0x00000000820fad90,0x0000000087180000)
 Metaspace       used 20600K, capacity 21170K, committed 21248K, reserved 1067008K
  class space    used 2647K, capacity 2807K, committed 2816K, reserved 1048576K
Event: 6.926 GC heap after
Heap after GC invocations=5 (full 1):
 PSYoungGen      total 38400K, used 0K [0x00000000d5f00000, 0x00000000daa00000, 0x0000000100000000)
  eden space 33280K, 0% used [0x00000000d5f00000,0x00000000d5f00000,0x00000000d7f80000)
  from space 5120K, 0% used [0x00000000d8480000,0x00000000d8480000,0x00000000d8980000)
  to   space 5120K, 0% used [0x00000000d7f80000,0x00000000d7f80000,0x00000000d8480000)
 ParOldGen       total 55296K, used 7744K [0x0000000081c00000, 0x0000000085200000, 0x00000000d5f00000)
  object space 55296K, 14% used [0x0000000081c00000,0x00000000823900f8,0x0000000085200000)
 Metaspace       used 20600K, capacity 21170K, committed 21248K, reserved 1067008K
  class space    used 2647K, capacity 2807K, committed 2816K, reserved 1048576K
}
Event: 7.055 GC heap before
{Heap before GC invocations=6 (full 1):
 PSYoungGen      total 38400K, used 33280K [0x00000000d5f00000, 0x00000000daa00000, 0x0000000100000000)
  eden space 33280K, 100% used [0x00000000d5f00000,0x00000000d7f80000,0x00000000d7f80000)
  from space 5120K, 0% used [0x00000000d8480000,0x00000000d8480000,0x00000000d8980000)
  to   space 5120K, 0% used [0x00000000d7f80000,0x00000000d7f80000,0x00000000d8480000)
 ParOldGen       total 55296K, used 7744K [0x0000000081c00000, 0x0000000085200000, 0x00000000d5f00000)
  object space 55296K, 14% used [0x0000000081c00000,0x00000000823900f8,0x0000000085200000)
 Metaspace       used 21223K, capacity 21816K, committed 22144K, reserved 1069056K
  class space    used 2715K, capacity 2872K, committed 2944K, reserved 1048576K
Event: 7.059 GC heap after
Heap after GC invocations=6 (full 1):
 PSYoungGen      total 38400K, used 854K [0x00000000d5f00000, 0x00000000da800000, 0x0000000100000000)
  eden space 33280K, 0% used [0x00000000d5f00000,0x00000000d5f00000,0x00000000d7f80000)
  from space 5120K, 16% used [0x00000000d7f80000,0x00000000d8055a68,0x00000000d8480000)
  to   space 9728K, 0% used [0x00000000d9e80000,0x00000000d9e80000,0x00000000da800000)
 ParOldGen       total 55296K, used 7752K [0x0000000081c00000, 0x0000000085200000, 0x00000000d5f00000)
  object space 55296K, 14% used [0x0000000081c00000,0x00000000823920f8,0x0000000085200000)
 Metaspace       used 21223K, capacity 21816K, committed 22144K, reserved 1069056K
  class space    used 2715K, capacity 2872K, committed 2944K, reserved 1048576K
}
Event: 7.683 GC heap before
{Heap before GC invocations=7 (full 1):
 PSYoungGen      total 38400K, used 34134K [0x00000000d5f00000, 0x00000000da800000, 0x0000000100000000)
  eden space 33280K, 100% used [0x00000000d5f00000,0x00000000d7f80000,0x00000000d7f80000)
  from space 5120K, 16% used [0x00000000d7f80000,0x00000000d8055a68,0x00000000d8480000)
  to   space 9728K, 0% used [0x00000000d9e80000,0x00000000d9e80000,0x00000000da800000)
 ParOldGen       total 55296K, used 7752K [0x0000000081c00000, 0x0000000085200000, 0x00000000d5f00000)
  object space 55296K, 14% used [0x0000000081c00000,0x00000000823920f8,0x0000000085200000)
 Metaspace       used 24615K, capacity 25338K, committed 25472K, reserved 1071104K
  class space    used 3159K, capacity 3341K, committed 3456K, reserved 1048576K
Event: 7.691 GC heap after
Heap after GC invocations=7 (full 1):
 PSYoungGen      total 61952K, used 4403K [0x00000000d5f00000, 0x00000000da600000, 0x0000000100000000)
  eden space 54272K, 0% used [0x00000000d5f00000,0x00000000d5f00000,0x00000000d9400000)
  from space 7680K, 57% used [0x00000000d9e80000,0x00000000da2ccde0,0x00000000da600000)
  to   space 9216K, 0% used [0x00000000d9400000,0x00000000d9400000,0x00000000d9d00000)
 ParOldGen       total 55296K, used 7824K [0x0000000081c00000, 0x0000000085200000, 0x00000000d5f00000)
  object space 55296K, 14% used [0x0000000081c00000,0x00000000823a4108,0x0000000085200000)
 Metaspace       used 24615K, capacity 25338K, committed 25472K, reserved 1071104K
  class space    used 3159K, capacity 3341K, committed 3456K, reserved 1048576K
}

Deoptimization events (10 events):
Event: 7.741 Thread 0x000000001d434800 Uncommon trap: reason=unstable_if action=reinterpret pc=0x000000000588f628 method=com.sun.org.apache.xerces.internal.impl.XMLEntityScanner.scanLiteral(ILcom/sun/org/apache/xerces/internal/xni/XMLString;Z)I @ 570
Event: 7.829 Thread 0x000000001d434800 Uncommon trap: reason=unstable_if action=reinterpret pc=0x000000000589af04 method=com.sun.org.apache.xerces.internal.impl.XMLEntityScanner.skipSpaces()Z @ 125
Event: 7.930 Thread 0x000000001d434800 Uncommon trap: reason=unstable_if action=reinterpret pc=0x0000000005926258 method=com.sun.org.apache.xerces.internal.util.SymbolTable.addSymbol([CII)Ljava/lang/String; @ 38
Event: 7.931 Thread 0x000000001d434800 Uncommon trap: reason=unstable_if action=reinterpret pc=0x00000000058f58d8 method=com.sun.org.apache.xerces.internal.impl.XMLEntityScanner.scanLiteral(ILcom/sun/org/apache/xerces/internal/xni/XMLString;Z)I @ 44
Event: 7.934 Thread 0x000000001d434800 Uncommon trap: reason=unstable_if action=reinterpret pc=0x00000000058de8f4 method=com.sun.org.apache.xerces.internal.util.SymbolTable.addSymbol([CII)Ljava/lang/String; @ 38
Event: 8.028 Thread 0x000000001d434800 Uncommon trap: reason=class_check action=maybe_recompile pc=0x000000000593219c method=java.lang.reflect.Array.newInstance(Ljava/lang/Class;I)Ljava/lang/Object; @ 2
Event: 8.029 Thread 0x000000001d434800 Uncommon trap: reason=class_check action=maybe_recompile pc=0x000000000593219c method=java.lang.reflect.Array.newInstance(Ljava/lang/Class;I)Ljava/lang/Object; @ 2
Event: 8.029 Thread 0x000000001d434800 Uncommon trap: reason=class_check action=maybe_recompile pc=0x000000000593219c method=java.lang.reflect.Array.newInstance(Ljava/lang/Class;I)Ljava/lang/Object; @ 2
Event: 8.029 Thread 0x000000001d434800 Uncommon trap: reason=class_check action=maybe_recompile pc=0x000000000593219c method=java.lang.reflect.Array.newInstance(Ljava/lang/Class;I)Ljava/lang/Object; @ 2
Event: 8.522 Thread 0x0000000005065000 Uncommon trap: reason=predicate action=maybe_recompile pc=0x00000000059f2424 method=java.util.AbstractCollection.toArray([Ljava/lang/Object;)[Ljava/lang/Object; @ 49

Internal exceptions (10 events):
Event: 4.999 Thread 0x000000001d434800 Exception <a 'java/lang/NoSuchMethodError': java.lang.Object.forClass(Ljava/lang/Class;)Lorg/hibernate/validator/internal/engine/constraintvalidation/ConstraintValidatorDescriptor;> (0x00000000d6922cd8) thrown at [C:\re\workspace\8-2-build-windows-amd64-c
Event: 5.784 Thread 0x0000000005065000 Exception <a 'java/io/FileNotFoundException'> (0x00000000d7d7c408) thrown at [C:\re\workspace\8-2-build-windows-amd64-cygwin\jdk8u111\7883\hotspot\src\share\vm\prims\jni.cpp, line 709]
Event: 6.470 Thread 0x0000000005065000 Exception <a 'java/lang/ClassNotFoundException': java/lang/ObjectCustomizer> (0x00000000d6fcb610) thrown at [C:\re\workspace\8-2-build-windows-amd64-cygwin\jdk8u111\7883\hotspot\src\share\vm\classfile\systemDictionary.cpp, line 210]
Event: 6.481 Thread 0x0000000005065000 Exception <a 'java/lang/ClassNotFoundException': org/springframework/context/annotation/ConfigurationClassPostProcessorCustomizer> (0x00000000d71116b0) thrown at [C:\re\workspace\8-2-build-windows-amd64-cygwin\jdk8u111\7883\hotspot\src\share\vm\classfile\
Event: 6.494 Thread 0x0000000005065000 Exception <a 'java/lang/ClassNotFoundException': org/springframework/beans/factory/support/BeanDefinitionRegistryPostProcessorCustomizer> (0x00000000d71709c8) thrown at [C:\re\workspace\8-2-build-windows-amd64-cygwin\jdk8u111\7883\hotspot\src\share\vm\cla
Event: 6.497 Thread 0x0000000005065000 Exception <a 'java/lang/ClassNotFoundException': org/springframework/core/PriorityOrderedCustomizer> (0x00000000d7187610) thrown at [C:\re\workspace\8-2-build-windows-amd64-cygwin\jdk8u111\7883\hotspot\src\share\vm\classfile\systemDictionary.cpp, line 210
Event: 6.498 Thread 0x0000000005065000 Exception <a 'java/lang/ClassNotFoundException': org/springframework/context/ResourceLoaderAwareCustomizer> (0x00000000d719f680) thrown at [C:\re\workspace\8-2-build-windows-amd64-cygwin\jdk8u111\7883\hotspot\src\share\vm\classfile\systemDictionary.cpp, l
Event: 6.500 Thread 0x0000000005065000 Exception <a 'java/lang/ClassNotFoundException': org/springframework/beans/factory/BeanClassLoaderAwareCustomizer> (0x00000000d71bad90) thrown at [C:\re\workspace\8-2-build-windows-amd64-cygwin\jdk8u111\7883\hotspot\src\share\vm\classfile\systemDictionary
Event: 6.517 Thread 0x0000000005065000 Exception <a 'java/lang/ClassNotFoundException': org/springframework/context/EnvironmentAwareCustomizer> (0x00000000d71d3338) thrown at [C:\re\workspace\8-2-build-windows-amd64-cygwin\jdk8u111\7883\hotspot\src\share\vm\classfile\systemDictionary.cpp, line
Event: 7.460 Thread 0x000000001d434800 Exception <a 'java/lang/IncompatibleClassChangeError': Found class java.lang.Object, but interface was expected> (0x00000000d73522d0) thrown at [C:\re\workspace\8-2-build-windows-amd64-cygwin\jdk8u111\7883\hotspot\src\share\vm\interpreter\linkResolver.cpp

Events (10 events):
Event: 9.677 loading class org/springframework/data/repository/config/RepositoryConfigurationDelegate
Event: 9.677 loading class org/springframework/data/repository/config/RepositoryConfigurationDelegate done
Event: 9.680 loading class org/springframework/boot/autoconfigure/data/jpa/JpaRepositoriesAutoConfigureRegistrar$EnableJpaRepositoriesConfiguration
Event: 9.680 loading class org/springframework/boot/autoconfigure/data/jpa/JpaRepositoriesAutoConfigureRegistrar$EnableJpaRepositoriesConfiguration done
Event: 9.680 loading class org/springframework/data/jpa/repository/config/EnableJpaRepositories
Event: 9.680 loading class org/springframework/data/jpa/repository/config/EnableJpaRepositories done
Event: 9.681 loading class org/springframework/data/repository/query/QueryLookupStrategy$Key
Event: 9.681 loading class org/springframework/data/repository/query/QueryLookupStrategy$Key done
Event: 9.682 loading class org/springframework/data/repository/config/DefaultRepositoryBaseClass
Event: 9.682 loading class org/springframework/data/repository/config/DefaultRepositoryBaseClass done


Dynamic libraries:
0x00007ff7310a0000 - 0x00007ff7310d7000 	D:\Program Files\Java\jdk1.8.0_111\bin\java.exe
0x00007ffb750f0000 - 0x00007ffb752d0000 	C:\WINDOWS\SYSTEM32\ntdll.dll
0x00007ffb72d20000 - 0x00007ffb72dce000 	C:\WINDOWS\System32\KERNEL32.DLL
0x00007ffb72110000 - 0x00007ffb72376000 	C:\WINDOWS\System32\KERNELBASE.dll
0x00007ffb727b0000 - 0x00007ffb72851000 	C:\WINDOWS\System32\ADVAPI32.dll
0x00007ffb735d0000 - 0x00007ffb7366d000 	C:\WINDOWS\System32\msvcrt.dll
0x00007ffb72cc0000 - 0x00007ffb72d1b000 	C:\WINDOWS\System32\sechost.dll
0x00007ffb72670000 - 0x00007ffb7278f000 	C:\WINDOWS\System32\RPCRT4.dll
0x00007ffb73060000 - 0x00007ffb731ef000 	C:\WINDOWS\System32\USER32.dll
0x00007ffb72090000 - 0x00007ffb720b0000 	C:\WINDOWS\System32\win32u.dll
0x00007ffb73030000 - 0x00007ffb73058000 	C:\WINDOWS\System32\GDI32.dll
0x00007ffb72380000 - 0x00007ffb72513000 	C:\WINDOWS\System32\gdi32full.dll
0x00007ffb72520000 - 0x00007ffb725bb000 	C:\WINDOWS\System32\msvcp_win.dll
0x00007ffb714f0000 - 0x00007ffb715e6000 	C:\WINDOWS\System32\ucrtbase.dll
0x00007ffb6b420000 - 0x00007ffb6b689000 	C:\WINDOWS\WinSxS\amd64_microsoft.windows.common-controls_6595b64144ccf1df_6.0.16299.125_none_15cbcf8893620c09\COMCTL32.dll
0x00007ffb732c0000 - 0x00007ffb735c8000 	C:\WINDOWS\System32\combase.dll
0x00007ffb715f0000 - 0x00007ffb71662000 	C:\WINDOWS\System32\bcryptPrimitives.dll
0x00007ffb74e20000 - 0x00007ffb74e4d000 	C:\WINDOWS\System32\IMM32.DLL
0x000000006e420000 - 0x000000006e4f2000 	D:\Program Files\Java\jdk1.8.0_111\jre\bin\msvcr100.dll
0x000000006c890000 - 0x000000006d12a000 	D:\Program Files\Java\jdk1.8.0_111\jre\bin\server\jvm.dll
0x00007ffb750b0000 - 0x00007ffb750b8000 	C:\WINDOWS\System32\PSAPI.DLL
0x00007ffb619b0000 - 0x00007ffb619b9000 	C:\WINDOWS\SYSTEM32\WSOCK32.dll
0x00007ffb74fc0000 - 0x00007ffb7502c000 	C:\WINDOWS\System32\WS2_32.dll
0x00007ffb6e4f0000 - 0x00007ffb6e513000 	C:\WINDOWS\SYSTEM32\WINMM.dll
0x00007ffb6d8a0000 - 0x00007ffb6d8aa000 	C:\WINDOWS\SYSTEM32\VERSION.dll
0x00007ffb6e490000 - 0x00007ffb6e4ba000 	C:\WINDOWS\SYSTEM32\WINMMBASE.dll
0x00007ffb718f0000 - 0x00007ffb7193a000 	C:\WINDOWS\System32\cfgmgr32.dll
0x000000006e410000 - 0x000000006e41f000 	D:\Program Files\Java\jdk1.8.0_111\jre\bin\verify.dll
0x000000006e3e0000 - 0x000000006e409000 	D:\Program Files\Java\jdk1.8.0_111\jre\bin\java.dll
0x000000006b7d0000 - 0x000000006b805000 	D:\Program Files\Java\jdk1.8.0_111\jre\bin\jdwp.dll
0x000000006e350000 - 0x000000006e358000 	D:\Program Files\Java\jdk1.8.0_111\jre\bin\npt.dll
0x000000006e3c0000 - 0x000000006e3d6000 	D:\Program Files\Java\jdk1.8.0_111\jre\bin\zip.dll
0x00007ffb73680000 - 0x00007ffb74ab6000 	C:\WINDOWS\System32\SHELL32.dll
0x00007ffb725c0000 - 0x00007ffb72666000 	C:\WINDOWS\System32\shcore.dll
0x00007ffb71940000 - 0x00007ffb72087000 	C:\WINDOWS\System32\windows.storage.dll
0x00007ffb74dc0000 - 0x00007ffb74e11000 	C:\WINDOWS\System32\shlwapi.dll
0x00007ffb71480000 - 0x00007ffb71491000 	C:\WINDOWS\System32\kernel.appcore.dll
0x00007ffb714a0000 - 0x00007ffb714ec000 	C:\WINDOWS\System32\powrprof.dll
0x00007ffb71440000 - 0x00007ffb7145b000 	C:\WINDOWS\System32\profapi.dll
0x000000006e1c0000 - 0x000000006e1c9000 	D:\Program Files\Java\jdk1.8.0_111\jre\bin\dt_socket.dll
0x00007ffb70c40000 - 0x00007ffb70ca6000 	C:\WINDOWS\system32\mswsock.dll
0x000000006e3a0000 - 0x000000006e3ba000 	D:\Program Files\Java\jdk1.8.0_111\jre\bin\net.dll
0x000000006e380000 - 0x000000006e391000 	D:\Program Files\Java\jdk1.8.0_111\jre\bin\nio.dll
0x000000006e1b0000 - 0x000000006e1bd000 	D:\Program Files\Java\jdk1.8.0_111\jre\bin\management.dll
0x00007ffb6dee0000 - 0x00007ffb6def6000 	C:\WINDOWS\system32\napinsp.dll
0x00007ffb6dec0000 - 0x00007ffb6deda000 	C:\WINDOWS\system32\pnrpnsp.dll
0x00007ffb6e230000 - 0x00007ffb6e248000 	C:\WINDOWS\system32\NLAapi.dll
0x00007ffb70a20000 - 0x00007ffb70ad6000 	C:\WINDOWS\SYSTEM32\DNSAPI.dll
0x00007ffb72cb0000 - 0x00007ffb72cb8000 	C:\WINDOWS\System32\NSI.dll
0x00007ffb709d0000 - 0x00007ffb70a09000 	C:\WINDOWS\SYSTEM32\IPHLPAPI.DLL
0x00007ffb6deb0000 - 0x00007ffb6debe000 	C:\WINDOWS\System32\winrnr.dll
0x00007ffb6de90000 - 0x00007ffb6dea5000 	C:\WINDOWS\System32\wshbth.dll
0x00007ffb66070000 - 0x00007ffb6607a000 	C:\Windows\System32\rasadhlp.dll
0x00007ffb67b00000 - 0x00007ffb67b70000 	C:\WINDOWS\System32\fwpuclnt.dll
0x00007ffb70f80000 - 0x00007ffb70fa5000 	C:\WINDOWS\SYSTEM32\bcrypt.dll

VM Arguments:
jvm_args: -agentlib:jdwp=transport=dt_socket,address=127.0.0.1:9449,suspend=y,server=n -ea -Didea.test.cyclic.buffer.size=1048576 -Dfile.encoding=UTF-8 
java_command: com.intellij.rt.execution.junit.JUnitStarter -ideVersion5 -junit4 com.imooc.service.impl.OrderServiceImplTest,findList
java_class_path (initial): D:\Program Files\JetBrains\IntelliJ IDEA 2017.2\lib\idea_rt.jar;D:\Program Files\JetBrains\IntelliJ IDEA 2017.2\plugins\junit\lib\junit-rt.jar;D:\Program Files\JetBrains\IntelliJ IDEA 2017.2\plugins\junit\lib\junit5-rt.jar;D:\Program Files\Java\jdk1.8.0_111\jre\lib\charsets.jar;D:\Program Files\Java\jdk1.8.0_111\jre\lib\deploy.jar;D:\Program Files\Java\jdk1.8.0_111\jre\lib\ext\access-bridge-64.jar;D:\Program Files\Java\jdk1.8.0_111\jre\lib\ext\cldrdata.jar;D:\Program Files\Java\jdk1.8.0_111\jre\lib\ext\dnsns.jar;D:\Program Files\Java\jdk1.8.0_111\jre\lib\ext\jaccess.jar;D:\Program Files\Java\jdk1.8.0_111\jre\lib\ext\jfxrt.jar;D:\Program Files\Java\jdk1.8.0_111\jre\lib\ext\localedata.jar;D:\Program Files\Java\jdk1.8.0_111\jre\lib\ext\nashorn.jar;D:\Program Files\Java\jdk1.8.0_111\jre\lib\ext\sunec.jar;D:\Program Files\Java\jdk1.8.0_111\jre\lib\ext\sunjce_provider.jar;D:\Program Files\Java\jdk1.8.0_111\jre\lib\ext\sunmscapi.jar;D:\Program Files\Java\jdk1.8.0_111\jre\lib\ext\sunpkcs11.jar;D:\Program Files\Java\jdk1.8.0_111\jre\lib\ext\zipfs.jar;D:\Program Files\Java\jdk1.8.0_111\jre\lib\javaws.jar;D:\Program Files\Java\jdk1.8.0_111\jre\lib\jce.jar;D:\Program Files\Java\jdk1.8.0_111\jre\lib\jfr.jar;D:\Program Files\Java\jdk1.8.0_111\jre\lib\jfxswt.jar;D:\Program Files\Java\jdk1.8.0_111\jre\lib\jsse.jar;D:\Program Files\Java\jdk1.8.0_111\jre\lib\management-agent.jar;D:\Program Files\Java\jdk1.8.0_111\jre\lib\plugin.jar;D:\Program Files\Java\jdk1.8.0_111\jre\lib\resources.jar;D:\Program Files\Java\jdk1.8.0_111\jre\lib\rt.jar;F:\sell\target\test-classes;F:\sell\target\classes;D:\repository\org\springframework\boot\spring-boot-starter-web\2.0.2.RELEASE\spring-boot-starter-web-2.0.2.RELEASE.jar;D:\repository\org\springframework\boot\spring-boot-starter\2.0.2.RELEASE\spring-boot-starter-2.0.2.RELEASE.jar;D:\repository\org\springframework\boot\spring-boot\2.0.2.RELEASE\spring-boot-2.0.2.RELEASE.jar;D:\repository\org\springframework\boot\spring-boot
Launcher Type: SUN_STANDARD

Environment Variables:
JAVA_HOME=D:\Program Files\Java\jdk1.8.0_111
CLASSPATH= .;D:\Program Files\Java\jdk1.8.0_111\lib;D:\Program Files\Java\jdk1.8.0_111\lib\tools.jar
PATH=C:\WINDOWS\system32;C:\WINDOWS;C:\WINDOWS\System32\Wbem;C:\WINDOWS\System32\WindowsPowerShell\v1.0\;D:\Program Files\Java\jdk1.8.0_111\bin;D:\Program Files\MySQL\MySQL Server 5.5\bin;D:\Program Files\apache-maven-3.0.5\bin;D:\Program Files\Git\cmd;D:\Program Files\TortoiseGit\bin;C:\Users\王_\AppData\Local\Programs\Python\Python36\Scripts\;C:\Users\王_\AppData\Local\Programs\Python\Python36\;C:\Users\王_\AppData\Local\Microsoft\WindowsApps;D:\Program Files\Microsoft VS Code\bin;D:\Program Files\Fiddler;D:\Program Files\redis-latest;
USERNAME=王_
OS=Windows_NT
PROCESSOR_IDENTIFIER=Intel64 Family 6 Model 58 Stepping 9, GenuineIntel



---------------  S Y S T E M  ---------------

OS: Windows 10.0 , 64 bit Build 16299 (10.0.16299.15)

CPU:total 4 (2 cores per cpu, 2 threads per core) family 6 model 58 stepping 9, cmov, cx8, fxsr, mmx, sse, sse2, sse3, ssse3, sse4.1, sse4.2, popcnt, avx, aes, clmul, erms, ht, tsc, tscinvbit, tscinv

Memory: 4k page, physical 8272784k(570056k free), swap 14827300k(7040k free)

vm_info: Java HotSpot(TM) 64-Bit Server VM (25.111-b14) for windows-amd64 JRE (1.8.0_111-b14), built on Sep 22 2016 19:24:05 by "java_re" with MS VC++ 10.0 (VS2010)

time: Mon Jun 04 11:26:17 2018
elapsed time: 9 seconds (0d 0h 0m 9s)

