#
# There is insufficient memory for the Java Runtime Environment to continue.
# Native memory allocation (malloc) failed to allocate 32744 bytes for ChunkPool::allocate
# Possible reasons:
#   The system is out of physical RAM or swap space
#   In 32 bit mode, the process size limit was hit
# Possible solutions:
#   Reduce memory load on the system
#   Increase physical memory or swap space
#   Check if swap backing store is full
#   Use 64 bit Java on a 64 bit OS
#   Decrease Java heap size (-Xmx/-Xms)
#   Decrease number of Java threads
#   Decrease Java thread stack sizes (-Xss)
#   Set larger code cache with -XX:ReservedCodeCacheSize=
# This output file may be truncated or incomplete.
#
#  Out of Memory Error (allocation.cpp:273), pid=14832, tid=0x0000000000000628
#
# JRE version: Java(TM) SE Runtime Environment (8.0_111-b14) (build 1.8.0_111-b14)
# Java VM: Java HotSpot(TM) 64-Bit Server VM (25.111-b14 mixed mode windows-amd64 compressed oops)
# Failed to write core dump. Minidumps are not enabled by default on client versions of Windows
#

---------------  T H R E A D  ---------------

Current thread (0x0000000019f21000):  JavaThread "C2 CompilerThread1" daemon [_thread_in_native, id=1576, stack(0x000000001bc20000,0x000000001bd20000)]

Stack: [0x000000001bc20000,0x000000001bd20000]
[error occurred during error reporting (printing stack bounds), id 0xc0000005]

Native frames: (J=compiled Java code, j=interpreted, Vv=VM code, C=native code)


Current CompileTask:
C2:  24227 3683   !   4       java.net.URLClassLoader$1::run (63 bytes)


---------------  P R O C E S S  ---------------

Java Threads: ( => current thread )
  0x00000000217f0800 JavaThread "HikariPool-1 housekeeper" daemon [_thread_blocked, id=16252, stack(0x0000000023730000,0x0000000023830000)]
  0x000000002186f800 JavaThread "Abandoned connection cleanup thread" daemon [_thread_blocked, id=7944, stack(0x00000000222b0000,0x00000000223b0000)]
  0x000000001b2d5800 JavaThread "Service Thread" daemon [_thread_blocked, id=1212, stack(0x000000001be20000,0x000000001bf20000)]
  0x0000000019f2a800 JavaThread "C1 CompilerThread2" daemon [_thread_blocked, id=14656, stack(0x000000001bd20000,0x000000001be20000)]
=>0x0000000019f21000 JavaThread "C2 CompilerThread1" daemon [_thread_in_native, id=1576, stack(0x000000001bc20000,0x000000001bd20000)]
  0x0000000019f27800 JavaThread "C2 CompilerThread0" daemon [_thread_in_native, id=3264, stack(0x000000001bb20000,0x000000001bc20000)]
  0x0000000019f0e800 JavaThread "JDWP Command Reader" daemon [_thread_in_native, id=4612, stack(0x000000001ba20000,0x000000001bb20000)]
  0x0000000019f0b000 JavaThread "JDWP Event Helper Thread" daemon [_thread_blocked, id=17888, stack(0x000000001b920000,0x000000001ba20000)]
  0x0000000019efe800 JavaThread "JDWP Transport Listener: dt_socket" daemon [_thread_blocked, id=12992, stack(0x000000001b820000,0x000000001b920000)]
  0x0000000019ef7000 JavaThread "Attach Listener" daemon [_thread_blocked, id=17624, stack(0x000000001b720000,0x000000001b820000)]
  0x0000000019ee2000 JavaThread "Signal Dispatcher" daemon [_thread_blocked, id=9720, stack(0x000000001b620000,0x000000001b720000)]
  0x0000000019ebf000 JavaThread "Finalizer" daemon [_thread_blocked, id=12808, stack(0x000000001b120000,0x000000001b220000)]
  0x0000000005395000 JavaThread "Reference Handler" daemon [_thread_blocked, id=17776, stack(0x000000001b020000,0x000000001b120000)]
  0x00000000052a5000 JavaThread "main" [_thread_in_native, id=17836, stack(0x00000000051a0000,0x00000000052a0000)]

Other Threads:
  0x0000000019e97800 VMThread [stack: 0x000000001af20000,0x000000001b020000] [id=15176]
  0x000000001b318800 WatcherThread [stack: 0x000000001bf20000,0x000000001c020000] [id=17668]

VM state:not at safepoint (normal execution)

VM Mutex/Monitor currently owned by a thread: None

Heap:
 PSYoungGen      total 109568K, used 9160K [0x00000000d5f00000, 0x00000000ddf80000, 0x0000000100000000)
  eden space 101888K, 1% used [0x00000000d5f00000,0x00000000d60bff98,0x00000000dc280000)
  from space 7680K, 95% used [0x00000000dd800000,0x00000000ddf32368,0x00000000ddf80000)
  to   space 13312K, 0% used [0x00000000dc580000,0x00000000dc580000,0x00000000dd280000)
 ParOldGen       total 92160K, used 16687K [0x0000000081c00000, 0x0000000087600000, 0x00000000d5f00000)
  object space 92160K, 18% used [0x0000000081c00000,0x0000000082c4bc50,0x0000000087600000)
 Metaspace       used 40850K, capacity 42104K, committed 42368K, reserved 1085440K
  class space    used 5404K, capacity 5670K, committed 5760K, reserved 1048576K

Card table byte_map: [0x0000000014760000,0x0000000014b60000] byte_map_base: 0x0000000014352000

Marking Bits: (ParMarkBitMap*) 0x000000006d0aa6c0
 Begin Bits: [0x0000000015210000, 0x00000000171a0000)
 End Bits:   [0x00000000171a0000, 0x0000000019130000)

Polling page: 0x0000000003380000

CodeCache: size=245760Kb used=12719Kb max_used=13043Kb free=233041Kb
 bounds [0x00000000053a0000, 0x0000000006080000, 0x00000000143a0000]
 total_blobs=3827 nmethods=3341 adapters=405
 compilation: enabled

Compilation events (10 events):
Event: 22.560 Thread 0x0000000019f2a800 3678       3       sun.misc.URLClassPath::access$000 (6 bytes)
Event: 22.561 Thread 0x0000000019f2a800 nmethod 3678 0x00000000056c3210 code [0x00000000056c3380, 0x00000000056c3508]
Event: 22.848 Thread 0x0000000019f2a800 3679   !   3       sun.reflect.GeneratedConstructorAccessor3::newInstance (49 bytes)
Event: 22.848 Thread 0x0000000019f2a800 nmethod 3679 0x0000000005713410 code [0x00000000057135e0, 0x0000000005713ae8]
Event: 22.879 Thread 0x0000000019f2a800 3680       3       sun.misc.CompoundEnumeration::next (58 bytes)
Event: 22.880 Thread 0x0000000019f2a800 nmethod 3680 0x0000000005aaab10 code [0x0000000005aaaca0, 0x0000000005aab028]
Event: 22.880 Thread 0x0000000019f2a800 3681       3       java.net.URLClassLoader$3::hasMoreElements (5 bytes)
Event: 22.880 Thread 0x0000000019f2a800 nmethod 3681 0x0000000005aaa790 code [0x0000000005aaa900, 0x0000000005aaaa88]
Event: 23.313 Thread 0x0000000019f27800 3682       4       java.net.URLClassLoader$1::run (5 bytes)
Event: 23.313 Thread 0x0000000019f21000 3683   !   4       java.net.URLClassLoader$1::run (63 bytes)

GC Heap History (10 events):
Event: 9.468 GC heap before
{Heap before GC invocations=8 (full 1):
 PSYoungGen      total 60416K, used 55710K [0x00000000d5f00000, 0x00000000da480000, 0x0000000100000000)
  eden space 52736K, 100% used [0x00000000d5f00000,0x00000000d9280000,0x00000000d9280000)
  from space 7680K, 38% used [0x00000000d9d00000,0x00000000d9fe7be0,0x00000000da480000)
  to   space 9216K, 0% used [0x00000000d9280000,0x00000000d9280000,0x00000000d9b80000)
 ParOldGen       total 57856K, used 7706K [0x0000000081c00000, 0x0000000085480000, 0x00000000d5f00000)
  object space 57856K, 13% used [0x0000000081c00000,0x0000000082386b70,0x0000000085480000)
 Metaspace       used 28584K, capacity 29508K, committed 29568K, reserved 1075200K
  class space    used 3713K, capacity 3914K, committed 3968K, reserved 1048576K
Event: 9.483 GC heap after
Heap after GC invocations=8 (full 1):
 PSYoungGen      total 61952K, used 9193K [0x00000000d5f00000, 0x00000000dc680000, 0x0000000100000000)
  eden space 52736K, 0% used [0x00000000d5f00000,0x00000000d5f00000,0x00000000d9280000)
  from space 9216K, 99% used [0x00000000d9280000,0x00000000d9b7a698,0x00000000d9b80000)
  to   space 11264K, 0% used [0x00000000dbb80000,0x00000000dbb80000,0x00000000dc680000)
 ParOldGen       total 57856K, used 8951K [0x0000000081c00000, 0x0000000085480000, 0x00000000d5f00000)
  object space 57856K, 15% used [0x0000000081c00000,0x00000000824bdf30,0x0000000085480000)
 Metaspace       used 28584K, capacity 29508K, committed 29568K, reserved 1075200K
  class space    used 3713K, capacity 3914K, committed 3968K, reserved 1048576K
}
Event: 10.743 GC heap before
{Heap before GC invocations=9 (full 1):
 PSYoungGen      total 61952K, used 61929K [0x00000000d5f00000, 0x00000000dc680000, 0x0000000100000000)
  eden space 52736K, 100% used [0x00000000d5f00000,0x00000000d9280000,0x00000000d9280000)
  from space 9216K, 99% used [0x00000000d9280000,0x00000000d9b7a698,0x00000000d9b80000)
  to   space 11264K, 0% used [0x00000000dbb80000,0x00000000dbb80000,0x00000000dc680000)
 ParOldGen       total 57856K, used 8951K [0x0000000081c00000, 0x0000000085480000, 0x00000000d5f00000)
  object space 57856K, 15% used [0x0000000081c00000,0x00000000824bdf30,0x0000000085480000)
 Metaspace       used 30835K, capacity 31968K, committed 32256K, reserved 1077248K
  class space    used 4002K, capacity 4238K, committed 4352K, reserved 1048576K
Event: 10.753 GC heap after
Heap after GC invocations=9 (full 1):
 PSYoungGen      total 93184K, used 10668K [0x00000000d5f00000, 0x00000000dc900000, 0x0000000100000000)
  eden space 81920K, 0% used [0x00000000d5f00000,0x00000000d5f00000,0x00000000daf00000)
  from space 11264K, 94% used [0x00000000dbb80000,0x00000000dc5eb298,0x00000000dc680000)
  to   space 12800K, 0% used [0x00000000daf00000,0x00000000daf00000,0x00000000dbb80000)
 ParOldGen       total 57856K, used 8959K [0x0000000081c00000, 0x0000000085480000, 0x00000000d5f00000)
  object space 57856K, 15% used [0x0000000081c00000,0x00000000824bff30,0x0000000085480000)
 Metaspace       used 30835K, capacity 31968K, committed 32256K, reserved 1077248K
  class space    used 4002K, capacity 4238K, committed 4352K, reserved 1048576K
}
Event: 12.148 GC heap before
{Heap before GC invocations=10 (full 1):
 PSYoungGen      total 93184K, used 42898K [0x00000000d5f00000, 0x00000000dc900000, 0x0000000100000000)
  eden space 81920K, 39% used [0x00000000d5f00000,0x00000000d7e79928,0x00000000daf00000)
  from space 11264K, 94% used [0x00000000dbb80000,0x00000000dc5eb298,0x00000000dc680000)
  to   space 12800K, 0% used [0x00000000daf00000,0x00000000daf00000,0x00000000dbb80000)
 ParOldGen       total 57856K, used 8959K [0x0000000081c00000, 0x0000000085480000, 0x00000000d5f00000)
  object space 57856K, 15% used [0x0000000081c00000,0x00000000824bff30,0x0000000085480000)
 Metaspace       used 34148K, capacity 35342K, committed 35416K, reserved 1081344K
  class space    used 4353K, capacity 4595K, committed 4608K, reserved 1048576K
Event: 12.160 GC heap after
Heap after GC invocations=10 (full 1):
 PSYoungGen      total 94720K, used 10413K [0x00000000d5f00000, 0x00000000de580000, 0x0000000100000000)
  eden space 81920K, 0% used [0x00000000d5f00000,0x00000000d5f00000,0x00000000daf00000)
  from space 12800K, 81% used [0x00000000daf00000,0x00000000db92b6c0,0x00000000dbb80000)
  to   space 13824K, 0% used [0x00000000dd800000,0x00000000dd800000,0x00000000de580000)
 ParOldGen       total 57856K, used 10801K [0x0000000081c00000, 0x0000000085480000, 0x00000000d5f00000)
  object space 57856K, 18% used [0x0000000081c00000,0x000000008268c668,0x0000000085480000)
 Metaspace       used 34148K, capacity 35342K, committed 35416K, reserved 1081344K
  class space    used 4353K, capacity 4595K, committed 4608K, reserved 1048576K
}
Event: 12.160 GC heap before
{Heap before GC invocations=11 (full 2):
 PSYoungGen      total 94720K, used 10413K [0x00000000d5f00000, 0x00000000de580000, 0x0000000100000000)
  eden space 81920K, 0% used [0x00000000d5f00000,0x00000000d5f00000,0x00000000daf00000)
  from space 12800K, 81% used [0x00000000daf00000,0x00000000db92b6c0,0x00000000dbb80000)
  to   space 13824K, 0% used [0x00000000dd800000,0x00000000dd800000,0x00000000de580000)
 ParOldGen       total 57856K, used 10801K [0x0000000081c00000, 0x0000000085480000, 0x00000000d5f00000)
  object space 57856K, 18% used [0x0000000081c00000,0x000000008268c668,0x0000000085480000)
 Metaspace       used 34148K, capacity 35342K, committed 35416K, reserved 1081344K
  class space    used 4353K, capacity 4595K, committed 4608K, reserved 1048576K
Event: 12.250 GC heap after
Heap after GC invocations=11 (full 2):
 PSYoungGen      total 94720K, used 0K [0x00000000d5f00000, 0x00000000de580000, 0x0000000100000000)
  eden space 81920K, 0% used [0x00000000d5f00000,0x00000000d5f00000,0x00000000daf00000)
  from space 12800K, 0% used [0x00000000daf00000,0x00000000daf00000,0x00000000dbb80000)
  to   space 13824K, 0% used [0x00000000dd800000,0x00000000dd800000,0x00000000de580000)
 ParOldGen       total 92160K, used 16679K [0x0000000081c00000, 0x0000000087600000, 0x00000000d5f00000)
  object space 92160K, 18% used [0x0000000081c00000,0x0000000082c49c50,0x0000000087600000)
 Metaspace       used 34148K, capacity 35342K, committed 35416K, reserved 1081344K
  class space    used 4353K, capacity 4595K, committed 4608K, reserved 1048576K
}
Event: 23.279 GC heap before
{Heap before GC invocations=12 (full 2):
 PSYoungGen      total 94720K, used 81920K [0x00000000d5f00000, 0x00000000de580000, 0x0000000100000000)
  eden space 81920K, 100% used [0x00000000d5f00000,0x00000000daf00000,0x00000000daf00000)
  from space 12800K, 0% used [0x00000000daf00000,0x00000000daf00000,0x00000000dbb80000)
  to   space 13824K, 0% used [0x00000000dd800000,0x00000000dd800000,0x00000000de580000)
 ParOldGen       total 92160K, used 16679K [0x0000000081c00000, 0x0000000087600000, 0x00000000d5f00000)
  object space 92160K, 18% used [0x0000000081c00000,0x0000000082c49c50,0x0000000087600000)
 Metaspace       used 40824K, capacity 42104K, committed 42368K, reserved 1085440K
  class space    used 5401K, capacity 5670K, committed 5760K, reserved 1048576K
Event: 23.302 GC heap after
Heap after GC invocations=12 (full 2):
 PSYoungGen      total 109568K, used 7368K [0x00000000d5f00000, 0x00000000ddf80000, 0x0000000100000000)
  eden space 101888K, 0% used [0x00000000d5f00000,0x00000000d5f00000,0x00000000dc280000)
  from space 7680K, 95% used [0x00000000dd800000,0x00000000ddf32368,0x00000000ddf80000)
  to   space 13312K, 0% used [0x00000000dc580000,0x00000000dc580000,0x00000000dd280000)
 ParOldGen       total 92160K, used 16687K [0x0000000081c00000, 0x0000000087600000, 0x00000000d5f00000)
  object space 92160K, 18% used [0x0000000081c00000,0x0000000082c4bc50,0x0000000087600000)
 Metaspace       used 40824K, capacity 42104K, committed 42368K, reserved 1085440K
  class space    used 5401K, capacity 5670K, committed 5760K, reserved 1048576K
}

Deoptimization events (10 events):
Event: 11.244 Thread 0x00000000052a5000 Uncommon trap: reason=class_check action=maybe_recompile pc=0x0000000005a8ddd0 method=java.util.concurrent.ConcurrentHashMap.putVal(Ljava/lang/Object;Ljava/lang/Object;Z)Ljava/lang/Object; @ 192
Event: 11.270 Thread 0x00000000052a5000 Uncommon trap: reason=class_check action=maybe_recompile pc=0x0000000005a8ddd0 method=java.util.concurrent.ConcurrentHashMap.putVal(Ljava/lang/Object;Ljava/lang/Object;Z)Ljava/lang/Object; @ 192
Event: 11.333 Thread 0x00000000052a5000 Uncommon trap: reason=class_check action=maybe_recompile pc=0x0000000005a8ddd0 method=java.util.concurrent.ConcurrentHashMap.putVal(Ljava/lang/Object;Ljava/lang/Object;Z)Ljava/lang/Object; @ 192
Event: 11.738 Thread 0x00000000052a5000 Uncommon trap: reason=unstable_if action=reinterpret pc=0x00000000059962fc method=sun.nio.cs.UTF_8$Decoder.decode([BII[C)I @ 30
Event: 11.763 Thread 0x00000000052a5000 Uncommon trap: reason=unstable_if action=reinterpret pc=0x0000000005b28974 method=java.util.Properties$LineReader.readLine()I @ 323
Event: 11.763 Thread 0x00000000052a5000 Uncommon trap: reason=unstable_if action=reinterpret pc=0x0000000005b0f400 method=java.util.Properties.loadConvert([CII[C)Ljava/lang/String; @ 57
Event: 11.763 Thread 0x00000000052a5000 Uncommon trap: reason=unstable_if action=reinterpret pc=0x0000000005a22ac0 method=java.util.Properties$LineReader.readLine()I @ 323
Event: 11.764 Thread 0x00000000052a5000 Uncommon trap: reason=unstable_if action=reinterpret pc=0x0000000005a269e0 method=java.util.Properties.loadConvert([CII[C)Ljava/lang/String; @ 57
Event: 12.285 Thread 0x00000000052a5000 Uncommon trap: reason=unstable_if action=reinterpret pc=0x0000000005f33d80 method=java.lang.Class.searchMethods([Ljava/lang/reflect/Method;Ljava/lang/String;[Ljava/lang/Class;)Ljava/lang/reflect/Method; @ 47
Event: 15.279 Thread 0x00000000052a5000 Uncommon trap: reason=unstable_if action=reinterpret pc=0x00000000058e78c0 method=java.lang.ClassLoader.getClassLoadingLock(Ljava/lang/String;)Ljava/lang/Object; @ 6

Internal exceptions (10 events):
Event: 12.369 Thread 0x00000000052a5000 Exception <a 'java/lang/ClassNotFoundException': org/springframework/context/ResourceLoaderAwareCustomizer> (0x00000000d6515680) thrown at [C:\re\workspace\8-2-build-windows-amd64-cygwin\jdk8u111\7883\hotspot\src\share\vm\classfile\systemDictionary.cpp, l
Event: 12.371 Thread 0x00000000052a5000 Exception <a 'java/lang/ClassNotFoundException': org/springframework/context/weaving/LoadTimeWeaverAwareCustomizer> (0x00000000d6530e10) thrown at [C:\re\workspace\8-2-build-windows-amd64-cygwin\jdk8u111\7883\hotspot\src\share\vm\classfile\systemDictionar
Event: 12.372 Thread 0x00000000052a5000 Exception <a 'java/lang/ClassNotFoundException': org/springframework/beans/factory/FactoryBeanCustomizer> (0x00000000d6549c70) thrown at [C:\re\workspace\8-2-build-windows-amd64-cygwin\jdk8u111\7883\hotspot\src\share\vm\classfile\systemDictionary.cpp, lin
Event: 12.373 Thread 0x00000000052a5000 Exception <a 'java/lang/ClassNotFoundException': org/springframework/beans/factory/BeanClassLoaderAwareCustomizer> (0x00000000d6569700) thrown at [C:\re\workspace\8-2-build-windows-amd64-cygwin\jdk8u111\7883\hotspot\src\share\vm\classfile\systemDictionary
Event: 12.375 Thread 0x00000000052a5000 Exception <a 'java/lang/ClassNotFoundException': org/springframework/beans/factory/BeanFactoryAwareCustomizer> (0x00000000d6583b50) thrown at [C:\re\workspace\8-2-build-windows-amd64-cygwin\jdk8u111\7883\hotspot\src\share\vm\classfile\systemDictionary.cpp
Event: 12.376 Thread 0x00000000052a5000 Exception <a 'java/lang/ClassNotFoundException': org/springframework/beans/factory/BeanNameAwareCustomizer> (0x00000000d659d2e8) thrown at [C:\re\workspace\8-2-build-windows-amd64-cygwin\jdk8u111\7883\hotspot\src\share\vm\classfile\systemDictionary.cpp, l
Event: 12.378 Thread 0x00000000052a5000 Exception <a 'java/lang/ClassNotFoundException': org/springframework/beans/factory/InitializingBeanCustomizer> (0x00000000d65b7650) thrown at [C:\re\workspace\8-2-build-windows-amd64-cygwin\jdk8u111\7883\hotspot\src\share\vm\classfile\systemDictionary.cpp
Event: 12.379 Thread 0x00000000052a5000 Exception <a 'java/lang/ClassNotFoundException': org/springframework/beans/factory/DisposableBeanCustomizer> (0x00000000d65d00a0) thrown at [C:\re\workspace\8-2-build-windows-amd64-cygwin\jdk8u111\7883\hotspot\src\share\vm\classfile\systemDictionary.cpp, 
Event: 12.380 Thread 0x00000000052a5000 Exception <a 'java/lang/ClassNotFoundException': org/springframework/orm/jpa/EntityManagerFactoryInfoCustomizer> (0x00000000d65ea588) thrown at [C:\re\workspace\8-2-build-windows-amd64-cygwin\jdk8u111\7883\hotspot\src\share\vm\classfile\systemDictionary.c
Event: 12.383 Thread 0x00000000052a5000 Exception <a 'java/lang/ClassNotFoundException': org/springframework/dao/support/PersistenceExceptionTranslatorCustomizer> (0x00000000d6613fc0) thrown at [C:\re\workspace\8-2-build-windows-amd64-cygwin\jdk8u111\7883\hotspot\src\share\vm\classfile\systemDi

Events (10 events):
Event: 24.054 Thread 0x00000000052a5000 DEOPT PACKING pc=0x0000000006044e64 sp=0x000000000529b890
Event: 24.054 Thread 0x00000000052a5000 DEOPT UNPACKING pc=0x00000000053e787f sp=0x000000000529b6b0 mode 1
Event: 24.054 Thread 0x00000000052a5000 DEOPT PACKING pc=0x0000000006044bfc sp=0x000000000529ba20
Event: 24.054 Thread 0x00000000052a5000 DEOPT UNPACKING pc=0x00000000053e787f sp=0x000000000529b840 mode 1
Event: 24.131 loading class org/hibernate/engine/query/spi/NativeQueryInterpreter
Event: 24.131 loading class org/hibernate/engine/query/spi/NativeQueryInterpreter done
Event: 24.131 Thread 0x00000000052a5000 DEOPT PACKING pc=0x0000000006044e64 sp=0x000000000529a9e0
Event: 24.131 Thread 0x00000000052a5000 DEOPT UNPACKING pc=0x00000000053e787f sp=0x000000000529a800 mode 1
Event: 24.131 Thread 0x00000000052a5000 DEOPT PACKING pc=0x0000000006044bfc sp=0x000000000529ab70
Event: 24.131 Thread 0x00000000052a5000 DEOPT UNPACKING pc=0x00000000053e787f sp=0x000000000529a990 mode 1


Dynamic libraries:
0x00007ff7310a0000 - 0x00007ff7310d7000 	D:\Program Files\Java\jdk1.8.0_111\bin\java.exe
0x00007ffb750f0000 - 0x00007ffb752d0000 	C:\WINDOWS\SYSTEM32\ntdll.dll
0x00007ffb72d20000 - 0x00007ffb72dce000 	C:\WINDOWS\System32\KERNEL32.DLL
0x00007ffb72110000 - 0x00007ffb72376000 	C:\WINDOWS\System32\KERNELBASE.dll
0x00007ffb727b0000 - 0x00007ffb72851000 	C:\WINDOWS\System32\ADVAPI32.dll
0x00007ffb735d0000 - 0x00007ffb7366d000 	C:\WINDOWS\System32\msvcrt.dll
0x00007ffb72cc0000 - 0x00007ffb72d1b000 	C:\WINDOWS\System32\sechost.dll
0x00007ffb72670000 - 0x00007ffb7278f000 	C:\WINDOWS\System32\RPCRT4.dll
0x00007ffb73060000 - 0x00007ffb731ef000 	C:\WINDOWS\System32\USER32.dll
0x00007ffb72090000 - 0x00007ffb720b0000 	C:\WINDOWS\System32\win32u.dll
0x00007ffb73030000 - 0x00007ffb73058000 	C:\WINDOWS\System32\GDI32.dll
0x00007ffb72380000 - 0x00007ffb72513000 	C:\WINDOWS\System32\gdi32full.dll
0x00007ffb72520000 - 0x00007ffb725bb000 	C:\WINDOWS\System32\msvcp_win.dll
0x00007ffb714f0000 - 0x00007ffb715e6000 	C:\WINDOWS\System32\ucrtbase.dll
0x00007ffb6b420000 - 0x00007ffb6b689000 	C:\WINDOWS\WinSxS\amd64_microsoft.windows.common-controls_6595b64144ccf1df_6.0.16299.125_none_15cbcf8893620c09\COMCTL32.dll
0x00007ffb732c0000 - 0x00007ffb735c8000 	C:\WINDOWS\System32\combase.dll
0x00007ffb715f0000 - 0x00007ffb71662000 	C:\WINDOWS\System32\bcryptPrimitives.dll
0x00007ffb74e20000 - 0x00007ffb74e4d000 	C:\WINDOWS\System32\IMM32.DLL
0x000000006e420000 - 0x000000006e4f2000 	D:\Program Files\Java\jdk1.8.0_111\jre\bin\msvcr100.dll
0x000000006c890000 - 0x000000006d12a000 	D:\Program Files\Java\jdk1.8.0_111\jre\bin\server\jvm.dll
0x00007ffb750b0000 - 0x00007ffb750b8000 	C:\WINDOWS\System32\PSAPI.DLL
0x00007ffb619b0000 - 0x00007ffb619b9000 	C:\WINDOWS\SYSTEM32\WSOCK32.dll
0x00007ffb6e4f0000 - 0x00007ffb6e513000 	C:\WINDOWS\SYSTEM32\WINMM.dll
0x00007ffb6d8a0000 - 0x00007ffb6d8aa000 	C:\WINDOWS\SYSTEM32\VERSION.dll
0x00007ffb74fc0000 - 0x00007ffb7502c000 	C:\WINDOWS\System32\WS2_32.dll
0x00007ffb6e490000 - 0x00007ffb6e4ba000 	C:\WINDOWS\SYSTEM32\winmmbase.dll
0x00007ffb718f0000 - 0x00007ffb7193a000 	C:\WINDOWS\System32\cfgmgr32.dll
0x000000006e410000 - 0x000000006e41f000 	D:\Program Files\Java\jdk1.8.0_111\jre\bin\verify.dll
0x000000006e3e0000 - 0x000000006e409000 	D:\Program Files\Java\jdk1.8.0_111\jre\bin\java.dll
0x000000006b7d0000 - 0x000000006b805000 	D:\Program Files\Java\jdk1.8.0_111\jre\bin\jdwp.dll
0x000000006e350000 - 0x000000006e358000 	D:\Program Files\Java\jdk1.8.0_111\jre\bin\npt.dll
0x000000006e3c0000 - 0x000000006e3d6000 	D:\Program Files\Java\jdk1.8.0_111\jre\bin\zip.dll
0x00007ffb73680000 - 0x00007ffb74ab6000 	C:\WINDOWS\System32\SHELL32.dll
0x00007ffb725c0000 - 0x00007ffb72666000 	C:\WINDOWS\System32\shcore.dll
0x00007ffb71940000 - 0x00007ffb72087000 	C:\WINDOWS\System32\windows.storage.dll
0x00007ffb74dc0000 - 0x00007ffb74e11000 	C:\WINDOWS\System32\shlwapi.dll
0x00007ffb71480000 - 0x00007ffb71491000 	C:\WINDOWS\System32\kernel.appcore.dll
0x00007ffb714a0000 - 0x00007ffb714ec000 	C:\WINDOWS\System32\powrprof.dll
0x00007ffb71440000 - 0x00007ffb7145b000 	C:\WINDOWS\System32\profapi.dll
0x000000006e1c0000 - 0x000000006e1c9000 	D:\Program Files\Java\jdk1.8.0_111\jre\bin\dt_socket.dll
0x00007ffb70c40000 - 0x00007ffb70ca6000 	C:\WINDOWS\system32\mswsock.dll
0x000000006e3a0000 - 0x000000006e3ba000 	D:\Program Files\Java\jdk1.8.0_111\jre\bin\net.dll
0x000000006e380000 - 0x000000006e391000 	D:\Program Files\Java\jdk1.8.0_111\jre\bin\nio.dll
0x000000006e1b0000 - 0x000000006e1bd000 	D:\Program Files\Java\jdk1.8.0_111\jre\bin\management.dll
0x00007ffb6dee0000 - 0x00007ffb6def6000 	C:\WINDOWS\system32\napinsp.dll
0x00007ffb6dec0000 - 0x00007ffb6deda000 	C:\WINDOWS\system32\pnrpnsp.dll
0x00007ffb6e230000 - 0x00007ffb6e248000 	C:\WINDOWS\system32\NLAapi.dll
0x00007ffb70a20000 - 0x00007ffb70ad6000 	C:\WINDOWS\SYSTEM32\DNSAPI.dll
0x00007ffb72cb0000 - 0x00007ffb72cb8000 	C:\WINDOWS\System32\NSI.dll
0x00007ffb709d0000 - 0x00007ffb70a09000 	C:\WINDOWS\SYSTEM32\IPHLPAPI.DLL
0x00007ffb6deb0000 - 0x00007ffb6debe000 	C:\WINDOWS\System32\winrnr.dll
0x00007ffb6de90000 - 0x00007ffb6dea5000 	C:\WINDOWS\System32\wshbth.dll
0x00007ffb66070000 - 0x00007ffb6607a000 	C:\Windows\System32\rasadhlp.dll
0x00007ffb67b00000 - 0x00007ffb67b70000 	C:\WINDOWS\System32\fwpuclnt.dll
0x00007ffb70f80000 - 0x00007ffb70fa5000 	C:\WINDOWS\SYSTEM32\bcrypt.dll
0x00007ffb70e10000 - 0x00007ffb70e27000 	C:\WINDOWS\SYSTEM32\CRYPTSP.dll
0x00007ffb70850000 - 0x00007ffb70883000 	C:\WINDOWS\system32\rsaenh.dll
0x00007ffb71340000 - 0x00007ffb71369000 	C:\WINDOWS\SYSTEM32\USERENV.dll
0x00007ffb70e00000 - 0x00007ffb70e0b000 	C:\WINDOWS\SYSTEM32\CRYPTBASE.dll
0x00007ffb6c100000 - 0x00007ffb6c116000 	C:\WINDOWS\SYSTEM32\dhcpcsvc6.DLL
0x00007ffb6afc0000 - 0x00007ffb6afda000 	C:\WINDOWS\SYSTEM32\dhcpcsvc.DLL

VM Arguments:
jvm_args: -agentlib:jdwp=transport=dt_socket,address=127.0.0.1:9347,suspend=y,server=n -ea -Didea.test.cyclic.buffer.size=1048576 -Dfile.encoding=UTF-8 
java_command: com.intellij.rt.execution.junit.JUnitStarter -ideVersion5 -junit4 com.imooc.service.impl.OrderServiceImplTest,findOne
java_class_path (initial): D:\Program Files\JetBrains\IntelliJ IDEA 2017.2\lib\idea_rt.jar;D:\Program Files\JetBrains\IntelliJ IDEA 2017.2\plugins\junit\lib\junit-rt.jar;D:\Program Files\JetBrains\IntelliJ IDEA 2017.2\plugins\junit\lib\junit5-rt.jar;D:\Program Files\Java\jdk1.8.0_111\jre\lib\charsets.jar;D:\Program Files\Java\jdk1.8.0_111\jre\lib\deploy.jar;D:\Program Files\Java\jdk1.8.0_111\jre\lib\ext\access-bridge-64.jar;D:\Program Files\Java\jdk1.8.0_111\jre\lib\ext\cldrdata.jar;D:\Program Files\Java\jdk1.8.0_111\jre\lib\ext\dnsns.jar;D:\Program Files\Java\jdk1.8.0_111\jre\lib\ext\jaccess.jar;D:\Program Files\Java\jdk1.8.0_111\jre\lib\ext\jfxrt.jar;D:\Program Files\Java\jdk1.8.0_111\jre\lib\ext\localedata.jar;D:\Program Files\Java\jdk1.8.0_111\jre\lib\ext\nashorn.jar;D:\Program Files\Java\jdk1.8.0_111\jre\lib\ext\sunec.jar;D:\Program Files\Java\jdk1.8.0_111\jre\lib\ext\sunjce_provider.jar;D:\Program Files\Java\jdk1.8.0_111\jre\lib\ext\sunmscapi.jar;D:\Program Files\Java\jdk1.8.0_111\jre\lib\ext\sunpkcs11.jar;D:\Program Files\Java\jdk1.8.0_111\jre\lib\ext\zipfs.jar;D:\Program Files\Java\jdk1.8.0_111\jre\lib\javaws.jar;D:\Program Files\Java\jdk1.8.0_111\jre\lib\jce.jar;D:\Program Files\Java\jdk1.8.0_111\jre\lib\jfr.jar;D:\Program Files\Java\jdk1.8.0_111\jre\lib\jfxswt.jar;D:\Program Files\Java\jdk1.8.0_111\jre\lib\jsse.jar;D:\Program Files\Java\jdk1.8.0_111\jre\lib\management-agent.jar;D:\Program Files\Java\jdk1.8.0_111\jre\lib\plugin.jar;D:\Program Files\Java\jdk1.8.0_111\jre\lib\resources.jar;D:\Program Files\Java\jdk1.8.0_111\jre\lib\rt.jar;F:\sell\target\test-classes;F:\sell\target\classes;D:\repository\org\springframework\boot\spring-boot-starter-web\2.0.2.RELEASE\spring-boot-starter-web-2.0.2.RELEASE.jar;D:\repository\org\springframework\boot\spring-boot-starter\2.0.2.RELEASE\spring-boot-starter-2.0.2.RELEASE.jar;D:\repository\org\springframework\boot\spring-boot\2.0.2.RELEASE\spring-boot-2.0.2.RELEASE.jar;D:\repository\org\springframework\boot\spring-boot
Launcher Type: SUN_STANDARD

Environment Variables:
JAVA_HOME=D:\Program Files\Java\jdk1.8.0_111
CLASSPATH= .;D:\Program Files\Java\jdk1.8.0_111\lib;D:\Program Files\Java\jdk1.8.0_111\lib\tools.jar
PATH=C:\WINDOWS\system32;C:\WINDOWS;C:\WINDOWS\System32\Wbem;C:\WINDOWS\System32\WindowsPowerShell\v1.0\;D:\Program Files\Java\jdk1.8.0_111\bin;D:\Program Files\MySQL\MySQL Server 5.5\bin;D:\Program Files\apache-maven-3.0.5\bin;D:\Program Files\Git\cmd;D:\Program Files\TortoiseGit\bin;C:\Users\王_\AppData\Local\Programs\Python\Python36\Scripts\;C:\Users\王_\AppData\Local\Programs\Python\Python36\;C:\Users\王_\AppData\Local\Microsoft\WindowsApps;D:\Program Files\Microsoft VS Code\bin;D:\Program Files\Fiddler;D:\Program Files\redis-latest;
USERNAME=王_
OS=Windows_NT
PROCESSOR_IDENTIFIER=Intel64 Family 6 Model 58 Stepping 9, GenuineIntel



---------------  S Y S T E M  ---------------

OS: Windows 10.0 , 64 bit Build 16299 (10.0.16299.15)

CPU:total 4 (2 cores per cpu, 2 threads per core) family 6 model 58 stepping 9, cmov, cx8, fxsr, mmx, sse, sse2, sse3, ssse3, sse4.1, sse4.2, popcnt, avx, aes, clmul, erms, ht, tsc, tscinvbit, tscinv

Memory: 4k page, physical 8272784k(570168k free), swap 14827300k(7040k free)

vm_info: Java HotSpot(TM) 64-Bit Server VM (25.111-b14) for windows-amd64 JRE (1.8.0_111-b14), built on Sep 22 2016 19:24:05 by "java_re" with MS VC++ 10.0 (VS2010)

time: Mon Jun 04 11:26:17 2018
elapsed time: 24 seconds (0d 0h 0m 24s)

